#
# There is insufficient memory for the Java Runtime Environment to continue.
# Native memory allocation (mmap) failed to map 100663296 bytes for G1 virtual space
# Possible reasons:
#   The system is out of physical RAM or swap space
#   The process is running with CompressedOops enabled, and the Java Heap may be blocking the growth of the native heap
# Possible solutions:
#   Reduce memory load on the system
#   Increase physical memory or swap space
#   Check if swap backing store is full
#   Decrease Java heap size (-Xmx/-Xms)
#   Decrease number of Java threads
#   Decrease Java thread stack sizes (-Xss)
#   Set larger code cache with -XX:ReservedCodeCacheSize=
#   JVM is running with Unscaled Compressed Oops mode in which the Java heap is
#     placed in the first 4GB address space. The Java Heap base address is the
#     maximum limit for the native heap growth. Please use -XX:HeapBaseMinAddress
#     to set the Java Heap base and to place the Java Heap above 4GB virtual address.
# This output file may be truncated or incomplete.
#
#  Out of Memory Error (os_windows.cpp:3825), pid=22216, tid=7380
#
# JRE version:  (17.0.10+1) (build )
# Java VM: OpenJDK 64-Bit Server VM (17.0.10+1-b1087.23, mixed mode, sharing, tiered, compressed oops, compressed class ptrs, g1 gc, windows-amd64)
# No core dump will be written. Minidumps are not enabled by default on client versions of Windows
#

---------------  S U M M A R Y ------------

Command Line: git4idea.http.GitAskPassApp Username for 'https://github.com': 

Host: AMD Ryzen 5 3500U with Radeon Vega Mobile Gfx  , 8 cores, 5G,  Windows 11 , 64 bit Build 22621 (10.0.22621.4391)
Time: Tue Dec 31 03:06:36 2024 Mitteleuropäische Zeit elapsed time: 0.025207 seconds (0d 0h 0m 0s)

---------------  T H R E A D  ---------------

Current thread (0x0000024fc4c9ca80):  JavaThread "Unknown thread" [_thread_in_vm, id=7380, stack(0x000000b2bfc00000,0x000000b2bfd00000)]

Stack: [0x000000b2bfc00000,0x000000b2bfd00000]
Native frames: (J=compiled Java code, j=interpreted, Vv=VM code, C=native code)
V  [jvm.dll+0x688a29]
V  [jvm.dll+0x84216a]
V  [jvm.dll+0x843dae]
V  [jvm.dll+0x844413]
V  [jvm.dll+0x24ba8f]
V  [jvm.dll+0x6857f9]
V  [jvm.dll+0x67a0aa]
V  [jvm.dll+0x30c7eb]
V  [jvm.dll+0x313c96]
V  [jvm.dll+0x363a2e]
V  [jvm.dll+0x363c5f]
V  [jvm.dll+0x2e25b8]
V  [jvm.dll+0x2e3524]
V  [jvm.dll+0x812cd1]
V  [jvm.dll+0x3718e1]
V  [jvm.dll+0x7f1836]
V  [jvm.dll+0x3f553f]
V  [jvm.dll+0x3f7171]
C  [jli.dll+0x528f]
C  [ucrtbase.dll+0x29333]
C  [KERNEL32.DLL+0x1259d]
C  [ntdll.dll+0x5af38]


---------------  P R O C E S S  ---------------

Threads class SMR info:
_java_thread_list=0x00007ff968b1ef58, length=0, elements={
}

Java Threads: ( => current thread )

Other Threads:
  0x0000024fc4ce79e0 GCTaskThread "GC Thread#0" [stack: 0x000000b2bfd00000,0x000000b2bfe00000] [id=29996]
  0x0000024fc4cf4770 ConcurrentGCThread "G1 Main Marker" [stack: 0x000000b2bfe00000,0x000000b2bff00000] [id=28356]
  0x0000024fc4cf5930 ConcurrentGCThread "G1 Conc#0" [stack: 0x000000b2bff00000,0x000000b2c0000000] [id=20064]

[error occurred during error reporting (printing all threads), id 0xc0000005, EXCEPTION_ACCESS_VIOLATION (0xc0000005) at pc=0x00007ff9682d3187]

VM state: not at safepoint (not fully initialized)

VM Mutex/Monitor currently owned by a thread:  ([mutex/lock_event])
[0x0000024fc4c96990] Heap_lock - owner thread: 0x0000024fc4c9ca80

Heap address: 0x00000000a0e00000, size: 1522 MB, Compressed Oops mode: 32-bit

CDS archive(s) mapped at: [0x0000000000000000-0x0000000000000000-0x0000000000000000), size 0, SharedBaseAddress: 0x0000000800000000, ArchiveRelocationMode: 1.
Narrow klass base: 0x0000000000000000, Narrow klass shift: 0, Narrow klass range: 0x0

GC Precious Log:
<Empty>

Heap:
 garbage-first heap   total 0K, used 0K [0x00000000a0e00000, 0x0000000100000000)
  region size 1024K, 0 young (0K), 0 survivors (0K)
 Metaspace       used 0K, committed 0K, reserved 0K
  class space    used 0K, committed 0K, reserved 0K

Heap Regions: E=young(eden), S=young(survivor), O=old, HS=humongous(starts), HC=humongous(continues), CS=collection set, F=free, OA=open archive, CA=closed archive, TAMS=top-at-mark-start (previous, next)

Card table byte_map: [0x0000024fd7a50000,0x0000024fd7d50000] _byte_map_base: 0x0000024fd7549000

Marking Bits (Prev, Next): (CMBitMap*) 0x0000024fc4ce8000, (CMBitMap*) 0x0000024fc4ce8040
 Prev Bits: [0x0000024fd8050000, 0x0000024fd9818000)
 Next Bits: [0x0000024fd9820000, 0x0000024fdafe8000)

GC Heap History (0 events):
No events

Dll operation events (1 events):
Event: 0.017 Loaded shared library C:\Program Files\JetBrains\PyCharm 2023.3.3\jbr\bin\java.dll

Deoptimization events (0 events):
No events

Classes unloaded (0 events):
No events

Classes redefined (0 events):
No events

Internal exceptions (0 events):
No events

VM Operations (0 events):
No events

Events (0 events):
No events


Dynamic libraries:
0x00007ff659f90000 - 0x00007ff659f9a000 	C:\Program Files\JetBrains\PyCharm 2023.3.3\jbr\bin\java.exe
0x00007ff9f29d0000 - 0x00007ff9f2be7000 	C:\WINDOWS\SYSTEM32\ntdll.dll
0x00007ff9f1c40000 - 0x00007ff9f1d04000 	C:\WINDOWS\System32\KERNEL32.DLL
0x00007ff9efca0000 - 0x00007ff9f005a000 	C:\WINDOWS\System32\KERNELBASE.dll
0x00007ff9f0300000 - 0x00007ff9f0411000 	C:\WINDOWS\System32\ucrtbase.dll
0x00007ff9ae810000 - 0x00007ff9ae82b000 	C:\Program Files\JetBrains\PyCharm 2023.3.3\jbr\bin\VCRUNTIME140.dll
0x00007ff9cec30000 - 0x00007ff9cec47000 	C:\Program Files\JetBrains\PyCharm 2023.3.3\jbr\bin\jli.dll
0x00007ff9f2530000 - 0x00007ff9f26de000 	C:\WINDOWS\System32\USER32.dll
0x00007ff9f02d0000 - 0x00007ff9f02f6000 	C:\WINDOWS\System32\win32u.dll
0x00007ff9f06d0000 - 0x00007ff9f06f9000 	C:\WINDOWS\System32\GDI32.dll
0x00007ff9e2a70000 - 0x00007ff9e2d02000 	C:\WINDOWS\WinSxS\amd64_microsoft.windows.common-controls_6595b64144ccf1df_6.0.22621.4541_none_2710d1c57384c085\COMCTL32.dll
0x00007ff9f0180000 - 0x00007ff9f029b000 	C:\WINDOWS\System32\gdi32full.dll
0x00007ff9f2480000 - 0x00007ff9f2527000 	C:\WINDOWS\System32\msvcrt.dll
0x00007ff9f0060000 - 0x00007ff9f00fa000 	C:\WINDOWS\System32\msvcp_win.dll
0x00007ff9f1250000 - 0x00007ff9f1281000 	C:\WINDOWS\System32\IMM32.DLL
0x00007ff9e82a0000 - 0x00007ff9e82ac000 	C:\Program Files\JetBrains\PyCharm 2023.3.3\jbr\bin\vcruntime140_1.dll
0x00007ff95e190000 - 0x00007ff95e21d000 	C:\Program Files\JetBrains\PyCharm 2023.3.3\jbr\bin\msvcp140.dll
0x00007ff967fe0000 - 0x00007ff968c63000 	C:\Program Files\JetBrains\PyCharm 2023.3.3\jbr\bin\server\jvm.dll
0x00007ff9f1af0000 - 0x00007ff9f1ba2000 	C:\WINDOWS\System32\ADVAPI32.dll
0x00007ff9f27b0000 - 0x00007ff9f2857000 	C:\WINDOWS\System32\sechost.dll
0x00007ff9f02a0000 - 0x00007ff9f02c8000 	C:\WINDOWS\System32\bcrypt.dll
0x00007ff9f2870000 - 0x00007ff9f2984000 	C:\WINDOWS\System32\RPCRT4.dll
0x00007ff9efb70000 - 0x00007ff9efbbd000 	C:\WINDOWS\SYSTEM32\POWRPROF.dll
0x00007ff9e6eb0000 - 0x00007ff9e6ee4000 	C:\WINDOWS\SYSTEM32\WINMM.dll
0x00007ff9e6be0000 - 0x00007ff9e6bea000 	C:\WINDOWS\SYSTEM32\VERSION.dll
0x00007ff9de460000 - 0x00007ff9de469000 	C:\WINDOWS\SYSTEM32\WSOCK32.dll
0x00007ff9f26e0000 - 0x00007ff9f2751000 	C:\WINDOWS\System32\WS2_32.dll
0x00007ff9efb50000 - 0x00007ff9efb63000 	C:\WINDOWS\SYSTEM32\UMPDC.dll
0x00007ff9eece0000 - 0x00007ff9eecf8000 	C:\WINDOWS\SYSTEM32\kernel.appcore.dll
0x00007ff9e85e0000 - 0x00007ff9e85ea000 	C:\Program Files\JetBrains\PyCharm 2023.3.3\jbr\bin\jimage.dll
0x00007ff9eafb0000 - 0x00007ff9eb1e2000 	C:\WINDOWS\SYSTEM32\DBGHELP.DLL
0x00007ff9f1510000 - 0x00007ff9f189f000 	C:\WINDOWS\System32\combase.dll
0x00007ff9f1410000 - 0x00007ff9f14e7000 	C:\WINDOWS\System32\OLEAUT32.dll
0x00007ff9dccb0000 - 0x00007ff9dcce2000 	C:\WINDOWS\SYSTEM32\dbgcore.DLL
0x00007ff9f0420000 - 0x00007ff9f049b000 	C:\WINDOWS\System32\bcryptPrimitives.dll
0x00007ff9d5020000 - 0x00007ff9d5045000 	C:\Program Files\JetBrains\PyCharm 2023.3.3\jbr\bin\java.dll

dbghelp: loaded successfully - version: 4.0.5 - missing functions: none
symbol engine: initialized successfully - sym options: 0x614 - pdb path: .;C:\Program Files\JetBrains\PyCharm 2023.3.3\jbr\bin;C:\WINDOWS\SYSTEM32;C:\WINDOWS\WinSxS\amd64_microsoft.windows.common-controls_6595b64144ccf1df_6.0.22621.4541_none_2710d1c57384c085;C:\Program Files\JetBrains\PyCharm 2023.3.3\jbr\bin\server

VM Arguments:
java_command: git4idea.http.GitAskPassApp Username for 'https://github.com': 
java_class_path (initial): C:/Program Files/JetBrains/PyCharm 2023.3.3/plugins/vcs-git/lib/git4idea-rt.jar;C:/Program Files/JetBrains/PyCharm 2023.3.3/lib/externalProcess-rt.jar
Launcher Type: SUN_STANDARD

[Global flags]
     intx CICompilerCount                          = 4                                         {product} {ergonomic}
     uint ConcGCThreads                            = 2                                         {product} {ergonomic}
     uint G1ConcRefinementThreads                  = 8                                         {product} {ergonomic}
   size_t G1HeapRegionSize                         = 1048576                                   {product} {ergonomic}
    uintx GCDrainStackTargetSize                   = 64                                        {product} {ergonomic}
   size_t InitialHeapSize                          = 100663296                                 {product} {ergonomic}
   size_t MarkStackSize                            = 4194304                                   {product} {ergonomic}
   size_t MaxHeapSize                              = 1595932672                                {product} {ergonomic}
   size_t MinHeapDeltaBytes                        = 1048576                                   {product} {ergonomic}
   size_t MinHeapSize                              = 8388608                                   {product} {ergonomic}
    uintx NonNMethodCodeHeapSize                   = 5839372                                {pd product} {ergonomic}
    uintx NonProfiledCodeHeapSize                  = 122909434                              {pd product} {ergonomic}
    uintx ProfiledCodeHeapSize                     = 122909434                              {pd product} {ergonomic}
    uintx ReservedCodeCacheSize                    = 251658240                              {pd product} {ergonomic}
     bool SegmentedCodeCache                       = true                                      {product} {ergonomic}
   size_t SoftMaxHeapSize                          = 1595932672                             {manageable} {ergonomic}
     bool UseCompressedClassPointers               = true                           {product lp64_product} {ergonomic}
     bool UseCompressedOops                        = true                           {product lp64_product} {ergonomic}
     bool UseG1GC                                  = true                                      {product} {ergonomic}
     bool UseLargePagesIndividualAllocation        = false                                  {pd product} {ergonomic}

Logging:
Log output configuration:
 #0: stdout all=warning uptime,level,tags
 #1: stderr all=off uptime,level,tags

Environment Variables:
PATH=C:\Program Files\Git\mingw64\libexec\git-core;C:\Program Files\Git\mingw64\libexec\git-core;C:\Program Files\Git\mingw64\bin;C:\Program Files\Git\usr\bin;C:\Users\Umut Can\bin;C:\Users\Umut Can\PycharmProjects\BoxOfficeNeu\.venv\Scripts;C:\Users\Umut Can\AppData\Local\Programs\cursor\resources\app\bin;C:\WINDOWS\system32;C:\WINDOWS;C:\WINDOWS\System32\Wbem;C:\WINDOWS\System32\WindowsPowerShell\v1.0;C:\WINDOWS\System32\OpenSSH;C:\Program Files\Git\cmd;C:\Users\Umut Can\AppData\Local\Programs\Python\Launcher;C:\Users\Umut Can\AppData\Local\Microsoft\WindowsApps;C:\Users\Umut Can\AppData\Local\Programs\cursor\resources\app\bin;C:\Users\Umut Can\AppData\Local\Programs\Python\Launcher;C:\Users\Umut Can\AppData\Local\Microsoft\WindowsApps
USERNAME=Umut Can
DISPLAY=:0.0
LC_ALL=en_US.UTF-8
TERM=xterm-256color
TMPDIR=C:\Users\UMUTCA~1\AppData\Local\Temp
OS=Windows_NT
PROCESSOR_IDENTIFIER=AMD64 Family 23 Model 24 Stepping 1, AuthenticAMD
TMP=C:\Users\UMUTCA~1\AppData\Local\Temp
TEMP=C:\Users\UMUTCA~1\AppData\Local\Temp



Periodic native trim disabled

JNI global refs:
JNI global refs: 0, weak refs: 0

JNI global refs memory usage: 0, weak refs: 0

OOME stack traces (most recent first):
Classloader memory used:


---------------  S Y S T E M  ---------------

OS:
 Windows 11 , 64 bit Build 22621 (10.0.22621.4391)
OS uptime: 7 days 9:13 hours

CPU: total 8 (initial active 8) (8 cores per cpu, 2 threads per core) family 23 model 24 stepping 1 microcode 0x0, cx8, cmov, fxsr, ht, mmx, 3dnowpref, sse, sse2, sse3, ssse3, sse4a, sse4.1, sse4.2, popcnt, lzcnt, tsc, tscinvbit, avx, avx2, aes, clmul, bmi1, bmi2, adx, sha, fma, vzeroupper, clflush, clflushopt
Processor Information for all 8 processors :
  Max Mhz: 2100, Current Mhz: 2100, Mhz Limit: 2100

Memory: 4k page, system-wide physical 6082M (288M free)
TotalPageFile size 24514M (AvailPageFile size 102M)
current process WorkingSet (physical memory assigned to process): 11M, peak: 11M
current process commit charge ("private bytes"): 60M, peak: 156M

vm_info: OpenJDK 64-Bit Server VM (17.0.10+1-b1087.23) for windows-amd64 JRE (17.0.10+1-b1087.23), built on 2024-03-18 by "builduser" with MS VC++ 16.10 / 16.11 (VS2019)

END.
